2017-02-20 15:15:38,241 sd_nonliner.py[line:146] INFO Start,getting parameters
2017-02-20 15:15:38,444 sd_nonliner.py[line:148] INFO Start computing...
2017-02-20 15:15:38,803 sd_nonliner.py[line:149] INFO Computing done! Save result to file
2017-02-20 15:17:12,241 sd_nonliner.py[line:146] INFO Start,getting parameters
2017-02-20 15:17:12,495 sd_nonliner.py[line:148] INFO Start computing...
2017-02-20 15:17:12,884 sd_nonliner.py[line:149] INFO Computing done! Save result to file
2017-02-20 15:19:08,893 sd_nonliner.py[line:146] INFO Start,getting parameters
2017-02-20 15:19:09,182 sd_nonliner.py[line:148] INFO Start computing...
2017-02-20 15:19:09,581 sd_nonliner.py[line:149] INFO Computing done! Save result to file
2017-02-20 15:20:17,353 sd_nonliner.py[line:146] INFO Start,getting parameters
2017-02-20 15:20:17,557 sd_nonliner.py[line:148] INFO Start computing...
2017-02-20 15:22:23,502 sd_nonliner.py[line:146] INFO Start,getting parameters
2017-02-20 15:22:23,702 sd_nonliner.py[line:148] INFO Start computing...
2017-02-20 15:22:24,053 sd_nonliner.py[line:149] INFO Computing done! Save result to file
2017-02-20 15:27:38,541 sd_nonliner.py[line:146] INFO Start,getting parameters
2017-02-20 15:27:38,739 sd_nonliner.py[line:148] INFO Start computing...
2017-02-20 15:27:39,090 sd_nonliner.py[line:149] INFO Computing done! Save result to file
2017-02-20 15:29:19,161 sd_nonliner.py[line:146] INFO Start,getting parameters
2017-02-20 15:29:19,356 sd_nonliner.py[line:148] INFO Start computing...
2017-02-20 15:29:19,767 sd_nonliner.py[line:149] INFO Computing done! Save result to file
2017-02-20 15:31:37,528 sd_nonliner.py[line:146] INFO Start,getting parameters
2017-02-20 15:31:37,750 sd_nonliner.py[line:148] INFO Start computing...
2017-02-20 15:31:38,108 sd_nonliner.py[line:149] INFO Computing done! Save result to file
2017-02-20 15:32:00,483 sd_nonliner.py[line:146] INFO Start,getting parameters
2017-02-20 15:32:00,677 sd_nonliner.py[line:148] INFO Start computing...
2017-02-20 15:32:01,020 sd_nonliner.py[line:149] INFO Computing done! Save result to file
2017-02-20 15:34:12,046 sd_nonliner.py[line:146] INFO Start,getting parameters
2017-02-20 15:34:12,245 sd_nonliner.py[line:148] INFO Start computing...
2017-02-20 15:34:12,596 sd_nonliner.py[line:149] INFO Computing done! Save result to file
2017-02-20 15:34:46,434 sd_nonliner.py[line:146] INFO Start,getting parameters
2017-02-20 15:34:46,631 sd_nonliner.py[line:148] INFO Start computing...
2017-02-20 15:34:46,982 sd_nonliner.py[line:149] INFO Computing done! Save result to file
2017-02-20 15:35:19,447 sd_nonliner.py[line:146] INFO Start,getting parameters
2017-02-20 15:35:19,646 sd_nonliner.py[line:148] INFO Start computing...
2017-02-20 15:35:20,004 sd_nonliner.py[line:149] INFO Computing done! Save result to file
2017-02-20 15:35:51,287 sd_nonliner.py[line:146] INFO Start,getting parameters
2017-02-20 15:35:51,488 sd_nonliner.py[line:148] INFO Start computing...
2017-02-20 15:35:51,838 sd_nonliner.py[line:149] INFO Computing done! Save result to file
2017-02-20 15:36:49,410 sd_nonliner.py[line:146] INFO Start,getting parameters
2017-02-20 15:36:49,605 sd_nonliner.py[line:148] INFO Start computing...
2017-02-20 15:36:49,949 sd_nonliner.py[line:149] INFO Computing done! Save result to file
2017-02-20 15:38:12,104 sd_nonliner.py[line:146] INFO Start,getting parameters
2017-02-20 15:38:12,301 sd_nonliner.py[line:148] INFO Start computing...
2017-02-20 15:38:12,646 sd_nonliner.py[line:149] INFO Computing done! Save result to file
2017-02-20 15:38:37,517 sd_nonliner.py[line:146] INFO Start,getting parameters
2017-02-20 15:38:37,710 sd_nonliner.py[line:148] INFO Start computing...
2017-02-20 15:38:38,050 sd_nonliner.py[line:149] INFO Computing done! Save result to file
2017-02-20 15:38:58,670 sd_nonliner.py[line:146] INFO Start,getting parameters
2017-02-20 15:38:58,866 sd_nonliner.py[line:148] INFO Start computing...
2017-02-20 15:38:59,212 sd_nonliner.py[line:149] INFO Computing done! Save result to file
2017-02-20 15:40:33,387 sd_nonliner.py[line:146] INFO Start,getting parameters
2017-02-20 15:40:33,584 sd_nonliner.py[line:148] INFO Start computing...
2017-02-20 15:40:33,930 sd_nonliner.py[line:149] INFO Computing done! Save result to file
2017-02-20 15:41:49,698 sd_nonliner.py[line:146] INFO Start,getting parameters
2017-02-20 15:41:49,893 sd_nonliner.py[line:148] INFO Start computing...
2017-02-20 15:41:50,265 sd_nonliner.py[line:149] INFO Computing done! Save result to file
2017-02-20 15:43:48,502 sd_nonliner.py[line:146] INFO Start,getting parameters
2017-02-20 15:43:48,697 sd_nonliner.py[line:148] INFO Start computing...
2017-02-20 15:43:49,032 sd_nonliner.py[line:149] INFO Computing done! Save result to file
2017-02-20 15:49:20,490 sd_nonliner.py[line:146] INFO Start,getting parameters
2017-02-20 15:49:20,686 sd_nonliner.py[line:148] INFO Start computing...
2017-02-20 15:49:21,024 sd_nonliner.py[line:149] INFO Computing done! Save result to file
2017-02-22 09:27:49,180 sd_nonliner.py[line:146] INFO Start,getting parameters
2017-02-22 09:27:49,475 sd_nonliner.py[line:148] INFO Start computing...
2017-02-22 09:27:49,945 sd_nonliner.py[line:149] INFO Computing done! Save result to file
2017-02-22 09:29:05,770 sd_nonliner.py[line:146] INFO Start,getting parameters
2017-02-22 09:29:05,975 sd_nonliner.py[line:148] INFO Start computing...
2017-02-22 09:29:06,298 sd_nonliner.py[line:149] INFO Computing done! Save result to file
2017-02-22 09:29:27,590 sd_nonliner.py[line:146] INFO Start,getting parameters
2017-02-22 09:29:27,778 sd_nonliner.py[line:148] INFO Start computing...
2017-02-22 09:29:28,087 sd_nonliner.py[line:149] INFO Computing done! Save result to file
2017-02-22 09:31:39,064 sd_nonliner.py[line:146] INFO Start,getting parameters
2017-02-22 09:31:39,254 sd_nonliner.py[line:148] INFO Start computing...
2017-02-22 09:31:39,577 sd_nonliner.py[line:149] INFO Computing done! Save result to file
2017-02-22 09:33:02,188 sd_nonliner.py[line:146] INFO Start,getting parameters
2017-02-22 09:33:02,376 sd_nonliner.py[line:148] INFO Start computing...
2017-02-22 09:33:02,684 sd_nonliner.py[line:149] INFO Computing done! Save result to file
2017-02-22 09:36:50,486 sd_nonliner.py[line:146] INFO Start,getting parameters
2017-02-22 09:36:50,672 sd_nonliner.py[line:148] INFO Start computing...
2017-02-22 09:36:51,038 sd_nonliner.py[line:149] INFO Computing done! Save result to file
2017-02-22 09:37:14,716 sd_nonliner.py[line:146] INFO Start,getting parameters
2017-02-22 09:37:14,902 sd_nonliner.py[line:148] INFO Start computing...
2017-02-22 09:37:15,206 sd_nonliner.py[line:149] INFO Computing done! Save result to file
2017-02-22 09:37:24,892 sd_nonliner.py[line:146] INFO Start,getting parameters
2017-02-22 09:37:25,077 sd_nonliner.py[line:148] INFO Start computing...
2017-02-22 09:37:25,388 sd_nonliner.py[line:149] INFO Computing done! Save result to file
2017-02-22 09:37:39,828 sd_nonliner.py[line:146] INFO Start,getting parameters
2017-02-22 09:37:40,014 sd_nonliner.py[line:148] INFO Start computing...
2017-02-22 09:37:40,331 sd_nonliner.py[line:149] INFO Computing done! Save result to file
2017-02-22 09:37:53,336 sd_nonliner.py[line:146] INFO Start,getting parameters
2017-02-22 09:37:53,522 sd_nonliner.py[line:148] INFO Start computing...
2017-02-22 09:37:53,834 sd_nonliner.py[line:149] INFO Computing done! Save result to file
2017-02-22 09:38:10,713 sd_nonliner.py[line:146] INFO Start,getting parameters
2017-02-22 09:38:10,899 sd_nonliner.py[line:148] INFO Start computing...
2017-02-22 09:38:12,298 sd_nonliner.py[line:149] INFO Computing done! Save result to file
2017-02-22 09:38:59,919 sd_nonliner.py[line:146] INFO Start,getting parameters
2017-02-22 09:39:00,107 sd_nonliner.py[line:148] INFO Start computing...
2017-02-22 09:39:01,570 sd_nonliner.py[line:149] INFO Computing done! Save result to file
2017-02-22 09:39:13,688 sd_nonliner.py[line:146] INFO Start,getting parameters
2017-02-22 09:39:13,875 sd_nonliner.py[line:148] INFO Start computing...
2017-02-22 09:39:15,277 sd_nonliner.py[line:149] INFO Computing done! Save result to file
2017-02-22 09:39:33,380 sd_nonliner.py[line:146] INFO Start,getting parameters
2017-02-22 09:39:33,569 sd_nonliner.py[line:148] INFO Start computing...
2017-02-22 09:39:34,968 sd_nonliner.py[line:149] INFO Computing done! Save result to file
2017-02-22 09:40:46,116 sd_nonliner.py[line:146] INFO Start,getting parameters
2017-02-22 09:40:46,310 sd_nonliner.py[line:148] INFO Start computing...
2017-02-22 09:40:46,629 sd_nonliner.py[line:149] INFO Computing done! Save result to file
2017-02-22 09:40:55,777 sd_nonliner.py[line:146] INFO Start,getting parameters
2017-02-22 09:40:55,966 sd_nonliner.py[line:148] INFO Start computing...
2017-02-22 09:40:56,274 sd_nonliner.py[line:149] INFO Computing done! Save result to file
2017-02-22 09:41:23,878 sd_nonliner.py[line:146] INFO Start,getting parameters
2017-02-22 09:41:24,066 sd_nonliner.py[line:148] INFO Start computing...
2017-02-22 09:41:24,389 sd_nonliner.py[line:149] INFO Computing done! Save result to file
2017-02-22 09:53:32,835 sd_nonliner.py[line:146] INFO Start,getting parameters
2017-02-22 09:53:33,025 sd_nonliner.py[line:148] INFO Start computing...
2017-02-22 09:53:33,341 sd_nonliner.py[line:149] INFO Computing done! Save result to file
2017-02-22 09:53:44,164 sd_nonliner.py[line:146] INFO Start,getting parameters
2017-02-22 09:53:44,352 sd_nonliner.py[line:148] INFO Start computing...
2017-02-22 09:53:44,662 sd_nonliner.py[line:149] INFO Computing done! Save result to file
2017-02-22 09:54:05,349 sd_nonliner.py[line:146] INFO Start,getting parameters
2017-02-22 09:54:05,538 sd_nonliner.py[line:148] INFO Start computing...
2017-02-22 09:54:05,848 sd_nonliner.py[line:149] INFO Computing done! Save result to file
2017-02-22 09:54:25,335 sd_nonliner.py[line:146] INFO Start,getting parameters
2017-02-22 09:54:25,521 sd_nonliner.py[line:148] INFO Start computing...
2017-02-22 09:54:25,826 sd_nonliner.py[line:149] INFO Computing done! Save result to file
2017-02-22 09:55:38,330 sd_nonliner.py[line:146] INFO Start,getting parameters
2017-02-22 09:55:38,521 sd_nonliner.py[line:148] INFO Start computing...
2017-02-22 09:55:38,829 sd_nonliner.py[line:149] INFO Computing done! Save result to file
2017-02-22 09:56:02,253 sd_nonliner.py[line:146] INFO Start,getting parameters
2017-02-22 09:56:02,442 sd_nonliner.py[line:148] INFO Start computing...
2017-02-22 09:56:02,756 sd_nonliner.py[line:149] INFO Computing done! Save result to file
2017-02-22 09:56:23,855 sd_nonliner.py[line:146] INFO Start,getting parameters
2017-02-22 09:56:24,043 sd_nonliner.py[line:148] INFO Start computing...
2017-02-22 09:56:24,348 sd_nonliner.py[line:149] INFO Computing done! Save result to file
2017-02-22 09:58:27,853 sd_nonliner.py[line:146] INFO Start,getting parameters
2017-02-22 09:58:28,042 sd_nonliner.py[line:148] INFO Start computing...
2017-02-22 09:58:28,355 sd_nonliner.py[line:149] INFO Computing done! Save result to file
2017-02-22 09:58:54,738 sd_nonliner.py[line:146] INFO Start,getting parameters
2017-02-22 09:58:54,926 sd_nonliner.py[line:148] INFO Start computing...
2017-02-22 09:58:55,232 sd_nonliner.py[line:149] INFO Computing done! Save result to file
2017-02-22 09:59:41,419 sd_nonliner.py[line:146] INFO Start,getting parameters
2017-02-22 09:59:41,607 sd_nonliner.py[line:148] INFO Start computing...
2017-02-22 09:59:41,914 sd_nonliner.py[line:149] INFO Computing done! Save result to file
2017-02-22 10:00:06,121 sd_nonliner.py[line:146] INFO Start,getting parameters
2017-02-22 10:00:06,310 sd_nonliner.py[line:148] INFO Start computing...
2017-02-22 10:00:06,623 sd_nonliner.py[line:149] INFO Computing done! Save result to file
2017-02-22 10:01:48,565 sd_nonliner.py[line:146] INFO Start,getting parameters
2017-02-22 10:01:48,755 sd_nonliner.py[line:148] INFO Start computing...
2017-02-22 10:01:49,069 sd_nonliner.py[line:149] INFO Computing done! Save result to file
2017-02-22 10:07:10,811 sd_nonliner.py[line:146] INFO Start,getting parameters
2017-02-22 10:07:11,001 sd_nonliner.py[line:148] INFO Start computing...
2017-02-22 10:07:11,311 sd_nonliner.py[line:149] INFO Computing done! Save result to file
2017-02-22 10:09:36,033 sd_nonliner.py[line:147] INFO Start,getting parameters
2017-02-22 10:09:36,295 sd_nonliner.py[line:149] INFO Start computing...
2017-02-22 10:09:36,701 sd_nonliner.py[line:150] INFO Computing done! Save result to file
2017-02-22 10:10:11,074 sd_nonliner.py[line:148] INFO Start,getting parameters
2017-02-22 10:10:11,281 sd_nonliner.py[line:150] INFO Start computing...
2017-02-22 10:10:11,699 sd_nonliner.py[line:151] INFO Computing done! Save result to file
2017-02-22 10:14:04,050 sd_nonliner.py[line:148] INFO Start,getting parameters
2017-02-22 10:14:04,257 sd_nonliner.py[line:150] INFO Start computing...
2017-02-22 10:14:04,588 sd_nonliner.py[line:151] INFO Computing done! Save result to file
2017-02-22 10:14:29,574 sd_nonliner.py[line:148] INFO Start,getting parameters
2017-02-22 10:14:29,764 sd_nonliner.py[line:150] INFO Start computing...
2017-02-22 10:14:30,079 sd_nonliner.py[line:151] INFO Computing done! Save result to file
2017-02-22 10:15:27,148 sd_nonliner.py[line:148] INFO Start,getting parameters
2017-02-22 10:15:27,338 sd_nonliner.py[line:150] INFO Start computing...
2017-02-22 10:15:27,649 sd_nonliner.py[line:151] INFO Computing done! Save result to file
2017-02-22 10:17:34,898 sd_nonliner.py[line:148] INFO Start,getting parameters
2017-02-22 10:17:35,085 sd_nonliner.py[line:150] INFO Start computing...
2017-02-22 10:17:35,488 sd_nonliner.py[line:151] INFO Computing done! Save result to file
2017-02-22 11:19:36,471 sd_nonliner.py[line:148] INFO Start,getting parameters
2017-02-22 11:19:36,706 sd_nonliner.py[line:150] INFO Start computing...
2017-02-22 11:19:37,050 sd_nonliner.py[line:151] INFO Computing done! Save result to file
2017-02-22 11:25:39,806 sd_nonliner.py[line:146] INFO Start,getting parameters
2017-02-22 11:25:39,996 sd_nonliner.py[line:148] INFO Start computing...
2017-02-22 11:25:40,449 sd_nonliner.py[line:149] INFO Computing done! Save result to file
2017-02-22 11:26:57,601 sd_nonliner.py[line:146] INFO Start,getting parameters
2017-02-22 11:26:57,788 sd_nonliner.py[line:148] INFO Start computing...
2017-02-22 11:26:58,237 sd_nonliner.py[line:149] INFO Computing done! Save result to file
2017-02-22 11:30:42,391 sd_nonliner.py[line:146] INFO Start,getting parameters
2017-02-22 11:30:42,584 sd_nonliner.py[line:148] INFO Start computing...
2017-02-22 11:30:43,064 sd_nonliner.py[line:149] INFO Computing done! Save result to file
2017-02-22 11:31:44,062 sd_nonliner.py[line:146] INFO Start,getting parameters
2017-02-22 11:31:44,253 sd_nonliner.py[line:148] INFO Start computing...
2017-02-22 11:31:44,744 sd_nonliner.py[line:149] INFO Computing done! Save result to file
2017-02-22 11:31:56,923 sd_nonliner.py[line:146] INFO Start,getting parameters
2017-02-22 11:31:57,116 sd_nonliner.py[line:148] INFO Start computing...
2017-02-22 11:31:57,436 sd_nonliner.py[line:149] INFO Computing done! Save result to file
2017-02-22 11:34:38,497 sd_nonliner.py[line:146] INFO Start,getting parameters
2017-02-22 11:34:38,687 sd_nonliner.py[line:148] INFO Start computing...
2017-02-22 11:34:39,166 sd_nonliner.py[line:149] INFO Computing done! Save result to file
2017-02-22 14:48:25,953 sd_nonliner.py[line:148] INFO Start,getting parameters
2017-02-22 14:48:26,151 sd_nonliner.py[line:150] INFO Start computing...
2017-02-22 14:48:26,626 sd_nonliner.py[line:151] INFO Computing done! Save result to file
2017-02-22 15:05:25,455 sd_nonliners.py[line:145] INFO Start,getting parameters
2017-02-22 15:05:25,656 sd_nonliners.py[line:147] INFO Start computing...
2017-02-22 15:37:24,137 sd_nonliners.py[line:150] INFO Start,getting parameters
2017-02-22 15:37:24,352 sd_nonliners.py[line:152] INFO Start computing...
2017-02-22 15:38:11,679 sd_nonliners.py[line:150] INFO Start,getting parameters
2017-02-22 15:38:11,883 sd_nonliners.py[line:152] INFO Start computing...
2017-02-22 15:38:29,912 sd_nonliners.py[line:150] INFO Start,getting parameters
2017-02-22 15:38:30,118 sd_nonliners.py[line:152] INFO Start computing...
2017-02-22 15:38:30,541 sd_nonliners.py[line:153] INFO Computing done! Save result to file
2017-02-22 15:38:45,303 sd_nonliners.py[line:150] INFO Start,getting parameters
2017-02-22 15:38:45,509 sd_nonliners.py[line:152] INFO Start computing...
2017-02-22 15:38:45,928 sd_nonliners.py[line:153] INFO Computing done! Save result to file
2017-02-22 15:39:19,452 sd_nonliners.py[line:150] INFO Start,getting parameters
2017-02-22 15:39:19,654 sd_nonliners.py[line:152] INFO Start computing...
2017-02-22 15:39:20,072 sd_nonliners.py[line:153] INFO Computing done! Save result to file
2017-02-22 15:39:37,100 sd_nonliners.py[line:150] INFO Start,getting parameters
2017-02-22 15:39:37,349 sd_nonliners.py[line:152] INFO Start computing...
2017-02-22 15:39:37,857 sd_nonliners.py[line:153] INFO Computing done! Save result to file
2017-02-22 15:45:02,762 sd_nonliners.py[line:150] INFO Start,getting parameters
2017-02-22 15:45:02,971 sd_nonliners.py[line:152] INFO Start computing...
2017-02-22 15:46:02,055 sd_nonliners.py[line:150] INFO Start,getting parameters
2017-02-22 15:46:02,259 sd_nonliners.py[line:152] INFO Start computing...
2017-02-22 15:46:48,127 sd_nonliners.py[line:150] INFO Start,getting parameters
2017-02-22 15:46:48,331 sd_nonliners.py[line:152] INFO Start computing...
2017-02-22 15:47:09,935 sd_nonliners.py[line:150] INFO Start,getting parameters
2017-02-22 15:47:10,142 sd_nonliners.py[line:152] INFO Start computing...
2017-02-22 15:47:10,582 sd_nonliners.py[line:153] INFO Computing done! Save result to file
2017-02-22 15:49:20,346 sd_nonliners.py[line:150] INFO Start,getting parameters
2017-02-22 15:49:20,547 sd_nonliners.py[line:152] INFO Start computing...
2017-02-22 15:49:20,969 sd_nonliners.py[line:153] INFO Computing done! Save result to file
2017-02-22 16:14:13,694 sd_nonliners.py[line:155] INFO Start,getting parameters
2017-02-22 16:14:13,942 sd_nonliners.py[line:157] INFO Start computing...
2017-02-22 16:14:14,362 sd_nonliners.py[line:158] INFO Computing done! Save result to file
2017-02-22 16:16:30,145 sd_nonliners.py[line:155] INFO Start,getting parameters
2017-02-22 16:16:30,352 sd_nonliners.py[line:157] INFO Start computing...
2017-02-22 16:16:30,770 sd_nonliners.py[line:158] INFO Computing done! Save result to file
2017-02-22 16:16:57,841 sd_nonliners.py[line:156] INFO Start,getting parameters
2017-02-22 16:16:58,059 sd_nonliners.py[line:158] INFO Start computing...
2017-02-22 16:16:58,515 sd_nonliners.py[line:159] INFO Computing done! Save result to file
2017-02-23 09:45:58,432 sd_nonliner.py[line:145] INFO Start,getting parameters
2017-02-23 09:45:58,741 sd_nonliner.py[line:147] INFO Start computing...
2017-02-23 09:45:59,167 sd_nonliner.py[line:148] INFO Computing done! Save result to file
2017-02-23 15:15:18,922 sd_nonliners.py[line:153] INFO Start,getting parameters
2017-02-23 15:15:19,298 sd_nonliners.py[line:155] INFO Start computing...
2017-02-23 15:15:19,772 sd_nonliners.py[line:156] INFO Computing done! Save result to file
2017-02-23 15:15:52,614 sd_nonliners.py[line:153] INFO Start,getting parameters
2017-02-23 15:15:52,827 sd_nonliners.py[line:155] INFO Start computing...
2017-02-23 15:15:53,284 sd_nonliners.py[line:156] INFO Computing done! Save result to file
2017-02-23 15:16:57,763 sd_nonliners.py[line:153] INFO Start,getting parameters
2017-02-23 15:16:58,006 sd_nonliners.py[line:155] INFO Start computing...
2017-02-23 15:16:58,437 sd_nonliners.py[line:156] INFO Computing done! Save result to file
2017-02-23 15:21:04,727 sd_nonliners.py[line:155] INFO Start,getting parameters
2017-02-23 15:21:04,952 sd_nonliners.py[line:157] INFO Start computing...
2017-02-23 15:21:05,388 sd_nonliners.py[line:158] INFO Computing done! Save result to file
2017-02-23 15:21:29,065 sd_nonliners.py[line:155] INFO Start,getting parameters
2017-02-23 15:21:29,270 sd_nonliners.py[line:157] INFO Start computing...
2017-02-23 15:21:29,686 sd_nonliners.py[line:158] INFO Computing done! Save result to file
2017-02-23 15:25:35,399 sd_nonliners.py[line:157] INFO Start,getting parameters
2017-02-23 15:25:35,610 sd_nonliners.py[line:159] INFO Start computing...
2017-02-23 15:25:36,088 sd_nonliners.py[line:160] INFO Computing done! Save result to file
2017-02-23 15:26:10,670 sd_nonliners.py[line:157] INFO Start,getting parameters
2017-02-23 15:26:10,881 sd_nonliners.py[line:159] INFO Start computing...
2017-02-23 15:26:11,305 sd_nonliners.py[line:160] INFO Computing done! Save result to file
2017-02-23 15:30:52,358 sd_nonliners.py[line:156] INFO Start,getting parameters
2017-02-23 15:30:52,566 sd_nonliners.py[line:158] INFO Start computing...
2017-02-23 15:30:52,987 sd_nonliners.py[line:159] INFO Computing done! Save result to file
2017-02-23 15:32:03,692 sd_nonliners.py[line:161] INFO Start,getting parameters
2017-02-23 15:32:03,897 sd_nonliners.py[line:163] INFO Start computing...
2017-02-23 15:32:04,321 sd_nonliners.py[line:164] INFO Computing done! Save result to file
2017-02-23 15:33:57,957 sd_nonliners.py[line:157] INFO Start,getting parameters
2017-02-23 15:33:58,164 sd_nonliners.py[line:159] INFO Start computing...
2017-02-23 15:33:58,590 sd_nonliners.py[line:160] INFO Computing done! Save result to file
2017-02-23 15:58:29,509 sd_nonliners.py[line:157] INFO Start,getting parameters
2017-02-23 15:58:49,785 sd_nonliners.py[line:157] INFO Start,getting parameters
2017-02-23 15:58:50,049 sd_nonliners.py[line:159] INFO Start computing...
2017-02-23 15:58:50,588 sd_nonliners.py[line:160] INFO Computing done! Save result to file
2017-02-23 16:09:08,117 sd_nonliners.py[line:159] INFO Start,getting parameters
2017-02-23 16:09:08,355 sd_nonliners.py[line:161] INFO Start computing...
2017-02-23 16:09:23,902 sd_nonliners.py[line:159] INFO Start,getting parameters
2017-02-23 16:09:24,121 sd_nonliners.py[line:161] INFO Start computing...
2017-02-23 16:09:58,119 sd_nonliners.py[line:159] INFO Start,getting parameters
2017-02-23 16:09:58,339 sd_nonliners.py[line:161] INFO Start computing...
2017-02-23 16:10:54,829 sd_nonliners.py[line:159] INFO Start,getting parameters
2017-02-23 16:10:55,054 sd_nonliners.py[line:161] INFO Start computing...
2017-02-23 16:11:19,036 sd_nonliners.py[line:159] INFO Start,getting parameters
2017-02-23 16:11:19,256 sd_nonliners.py[line:161] INFO Start computing...
2017-02-23 16:11:51,712 sd_nonliners.py[line:159] INFO Start,getting parameters
2017-02-23 16:11:51,935 sd_nonliners.py[line:161] INFO Start computing...
2017-02-23 16:12:09,855 sd_nonliners.py[line:159] INFO Start,getting parameters
2017-02-23 16:12:10,075 sd_nonliners.py[line:161] INFO Start computing...
2017-02-23 16:12:10,518 sd_nonliners.py[line:162] INFO Computing done! Save result to file
2017-02-23 16:24:55,409 sd_nonliners.py[line:159] INFO Start,getting parameters
2017-02-23 16:24:55,645 sd_nonliners.py[line:161] INFO Start computing...
2017-02-23 16:24:56,108 sd_nonliners.py[line:162] INFO Computing done! Save result to file
2017-02-23 16:34:01,754 sd_nonliners.py[line:162] INFO Start,getting parameters
2017-02-23 16:34:02,000 sd_nonliners.py[line:164] INFO Start computing...
2017-02-23 16:35:43,293 sd_nonliners.py[line:162] INFO Start,getting parameters
2017-02-23 16:35:43,519 sd_nonliners.py[line:164] INFO Start computing...
2017-02-23 16:36:20,727 sd_nonliners.py[line:162] INFO Start,getting parameters
2017-02-23 16:36:20,955 sd_nonliners.py[line:164] INFO Start computing...
2017-02-23 16:36:21,409 sd_nonliners.py[line:165] INFO Computing done! Save result to file
2017-02-23 16:37:13,029 sd_nonliners.py[line:163] INFO Start,getting parameters
2017-02-23 16:37:13,261 sd_nonliners.py[line:165] INFO Start computing...
2017-02-23 16:37:13,712 sd_nonliners.py[line:166] INFO Computing done! Save result to file
2017-02-23 16:41:41,881 sd_nonliners.py[line:164] INFO Start,getting parameters
2017-02-23 16:42:20,305 sd_nonliners.py[line:165] INFO Start,getting parameters
2017-02-23 16:43:06,581 sd_nonliners.py[line:164] INFO Start,getting parameters
2017-02-23 16:43:06,815 sd_nonliners.py[line:166] INFO Start computing...
2017-02-23 16:43:07,278 sd_nonliners.py[line:167] INFO Computing done! Save result to file
2017-02-23 16:43:36,496 sd_nonliners.py[line:164] INFO Start,getting parameters
2017-02-23 16:43:36,726 sd_nonliners.py[line:166] INFO Start computing...
2017-02-23 16:43:37,185 sd_nonliners.py[line:167] INFO Computing done! Save result to file
2017-02-23 16:43:50,717 sd_nonliners.py[line:165] INFO Start,getting parameters
2017-02-23 16:44:23,254 sd_nonliners.py[line:166] INFO Start,getting parameters
2017-02-23 16:44:42,864 sd_nonliners.py[line:166] INFO Start,getting parameters
2017-02-23 16:45:04,718 sd_nonliners.py[line:166] INFO Start,getting parameters
2017-02-23 16:45:54,582 sd_nonliners.py[line:166] INFO Start,getting parameters
2017-02-23 16:46:07,028 sd_nonliners.py[line:166] INFO Start,getting parameters
2017-02-23 16:46:10,914 sd_nonliners.py[line:166] INFO Start,getting parameters
2017-02-23 16:46:25,557 sd_nonliners.py[line:166] INFO Start,getting parameters
2017-02-23 16:46:53,851 sd_nonliners.py[line:166] INFO Start,getting parameters
2017-02-23 16:47:11,766 sd_nonliners.py[line:166] INFO Start,getting parameters
2017-02-23 16:47:12,048 sd_nonliners.py[line:168] INFO Start computing...
2017-02-23 16:47:30,144 sd_nonliners.py[line:166] INFO Start,getting parameters
2017-02-23 16:50:36,283 sd_nonliners.py[line:168] INFO Start,getting parameters
2017-02-23 16:50:36,555 sd_nonliners.py[line:170] INFO Start computing...
2017-02-23 16:50:37,160 sd_nonliners.py[line:171] INFO Computing done! Save result to file
2017-02-23 16:50:57,312 sd_nonliners.py[line:168] INFO Start,getting parameters
2017-02-23 16:50:57,583 sd_nonliners.py[line:170] INFO Start computing...
2017-02-23 16:50:58,196 sd_nonliners.py[line:171] INFO Computing done! Save result to file
2017-02-23 16:52:02,053 sd_nonliners.py[line:168] INFO Start,getting parameters
2017-02-23 16:52:02,295 sd_nonliners.py[line:170] INFO Start computing...
2017-02-23 16:52:02,899 sd_nonliners.py[line:171] INFO Computing done! Save result to file
2017-02-23 16:55:04,288 sd_nonliners.py[line:168] INFO Start,getting parameters
2017-02-23 16:55:04,528 sd_nonliners.py[line:170] INFO Start computing...
2017-02-23 16:55:09,557 sd_nonliners.py[line:171] INFO Computing done! Save result to file
2017-02-23 16:56:04,681 sd_nonliners.py[line:168] INFO Start,getting parameters
2017-02-23 16:56:04,926 sd_nonliners.py[line:170] INFO Start computing...
2017-02-23 16:56:10,369 sd_nonliners.py[line:171] INFO Computing done! Save result to file
2017-02-23 16:57:25,371 sd_nonliners.py[line:168] INFO Start,getting parameters
2017-02-23 16:57:25,617 sd_nonliners.py[line:170] INFO Start computing...
2017-02-23 16:57:30,882 sd_nonliners.py[line:171] INFO Computing done! Save result to file
2017-02-23 17:00:03,325 sd_nonliners.py[line:168] INFO Start,getting parameters
2017-02-23 17:00:03,566 sd_nonliners.py[line:170] INFO Start computing...
2017-02-23 17:00:08,612 sd_nonliners.py[line:171] INFO Computing done! Save result to file
2017-02-23 17:08:43,436 sd_nonliners.py[line:169] INFO Start,getting parameters
2017-02-23 17:08:43,681 sd_nonliners.py[line:171] INFO Start computing...
2017-02-23 17:10:24,330 sd_nonliners.py[line:169] INFO Start,getting parameters
2017-02-23 17:10:24,566 sd_nonliners.py[line:171] INFO Start computing...
2017-02-23 17:11:13,662 sd_nonliners.py[line:169] INFO Start,getting parameters
2017-02-23 17:11:13,903 sd_nonliners.py[line:171] INFO Start computing...
2017-02-23 17:11:14,556 sd_nonliners.py[line:172] INFO Computing done! Save result to file
2017-02-23 17:12:44,365 sd_nonliners.py[line:170] INFO Start,getting parameters
2017-02-23 17:12:44,615 sd_nonliners.py[line:172] INFO Start computing...
2017-02-23 17:12:54,531 sd_nonliners.py[line:170] INFO Start,getting parameters
2017-02-23 17:12:54,775 sd_nonliners.py[line:172] INFO Start computing...
2017-02-23 17:13:16,681 sd_nonliners.py[line:170] INFO Start,getting parameters
2017-02-23 17:13:16,915 sd_nonliners.py[line:172] INFO Start computing...
2017-02-23 17:13:22,003 sd_nonliners.py[line:173] INFO Computing done! Save result to file
2017-02-23 17:13:43,977 sd_nonliners.py[line:171] INFO Start,getting parameters
2017-02-23 17:13:44,218 sd_nonliners.py[line:173] INFO Start computing...
2017-02-23 17:13:49,359 sd_nonliners.py[line:174] INFO Computing done! Save result to file
2017-02-23 17:15:23,762 sd_nonliners.py[line:172] INFO Start,getting parameters
2017-02-23 17:15:23,999 sd_nonliners.py[line:174] INFO Start computing...
2017-02-23 17:16:41,249 sd_nonliners.py[line:172] INFO Start,getting parameters
2017-02-23 17:16:41,487 sd_nonliners.py[line:174] INFO Start computing...
2017-02-23 17:17:47,001 sd_nonliners.py[line:172] INFO Start,getting parameters
2017-02-23 17:17:47,243 sd_nonliners.py[line:174] INFO Start computing...
2017-02-24 11:30:10,904 sd_nonliners.py[line:172] INFO Start,getting parameters
2017-02-24 11:30:11,250 sd_nonliners.py[line:174] INFO Start computing...
2017-02-24 11:30:11,875 sd_nonliners.py[line:175] INFO Computing done! Save result to file
2017-02-24 11:37:05,452 sd_nonliners.py[line:172] INFO Start,getting parameters
2017-02-24 11:37:05,720 sd_nonliners.py[line:174] INFO Start computing...
2017-02-24 11:37:11,255 sd_nonliners.py[line:175] INFO Computing done! Save result to file
2017-02-24 11:37:59,235 sd_nonliners.py[line:172] INFO Start,getting parameters
2017-02-24 11:37:59,480 sd_nonliners.py[line:174] INFO Start computing...
2017-02-24 11:38:00,057 sd_nonliners.py[line:175] INFO Computing done! Save result to file
2017-02-24 11:38:22,289 sd_nonliners.py[line:172] INFO Start,getting parameters
2017-02-24 11:38:22,520 sd_nonliners.py[line:174] INFO Start computing...
2017-02-24 11:38:23,139 sd_nonliners.py[line:175] INFO Computing done! Save result to file
2017-02-24 11:38:33,497 sd_nonliners.py[line:172] INFO Start,getting parameters
2017-02-24 11:38:33,724 sd_nonliners.py[line:174] INFO Start computing...
2017-02-24 11:38:34,388 sd_nonliners.py[line:175] INFO Computing done! Save result to file
2017-02-24 11:38:46,538 sd_nonliners.py[line:172] INFO Start,getting parameters
2017-02-24 11:38:46,773 sd_nonliners.py[line:174] INFO Start computing...
2017-02-24 11:38:47,490 sd_nonliners.py[line:175] INFO Computing done! Save result to file
2017-02-24 11:40:23,205 sd_nonliners.py[line:172] INFO Start,getting parameters
2017-02-24 11:40:23,435 sd_nonliners.py[line:174] INFO Start computing...
2017-02-24 11:40:24,188 sd_nonliners.py[line:175] INFO Computing done! Save result to file
2017-02-24 11:40:33,838 sd_nonliners.py[line:172] INFO Start,getting parameters
2017-02-24 11:40:34,068 sd_nonliners.py[line:174] INFO Start computing...
2017-02-24 11:40:34,836 sd_nonliners.py[line:175] INFO Computing done! Save result to file
2017-02-24 11:40:45,897 sd_nonliners.py[line:172] INFO Start,getting parameters
2017-02-24 11:40:46,126 sd_nonliners.py[line:174] INFO Start computing...
2017-02-24 11:40:46,901 sd_nonliners.py[line:175] INFO Computing done! Save result to file
2017-02-24 11:41:34,916 sd_nonliners.py[line:172] INFO Start,getting parameters
2017-02-24 11:41:35,276 sd_nonliners.py[line:174] INFO Start computing...
2017-02-24 11:41:36,248 sd_nonliners.py[line:175] INFO Computing done! Save result to file
2017-02-24 15:55:16,855 sd_nonliners.py[line:172] INFO Start,getting parameters
2017-02-24 15:55:17,198 sd_nonliners.py[line:174] INFO Start computing...
2017-02-24 15:55:17,895 sd_nonliners.py[line:175] INFO Computing done! Save result to file
2017-02-24 16:03:10,469 sd_nonliners.py[line:178] INFO Start,getting parameters
2017-02-24 16:03:10,723 sd_nonliners.py[line:180] INFO Start computing...
2017-02-24 16:05:17,408 sd_nonliners.py[line:178] INFO Start,getting parameters
2017-02-24 16:05:17,671 sd_nonliners.py[line:180] INFO Start computing...
2017-02-24 16:05:18,354 sd_nonliners.py[line:181] INFO Computing done! Save result to file
2017-02-24 16:05:48,717 sd_nonliners.py[line:178] INFO Start,getting parameters
2017-02-24 16:05:48,967 sd_nonliners.py[line:180] INFO Start computing...
2017-02-24 16:05:49,635 sd_nonliners.py[line:181] INFO Computing done! Save result to file
2017-02-24 16:17:35,418 sd_nonliners.py[line:178] INFO Start,getting parameters
2017-02-24 16:17:35,664 sd_nonliners.py[line:180] INFO Start computing...
2017-02-24 16:18:55,324 sd_nonliners.py[line:178] INFO Start,getting parameters
2017-02-24 16:18:55,568 sd_nonliners.py[line:180] INFO Start computing...
2017-02-24 16:18:56,100 sd_nonliners.py[line:181] INFO Computing done! Save result to file
2017-02-24 16:19:46,081 sd_nonliners.py[line:178] INFO Start,getting parameters
2017-02-24 16:19:46,323 sd_nonliners.py[line:180] INFO Start computing...
2017-02-24 16:19:47,021 sd_nonliners.py[line:181] INFO Computing done! Save result to file
2017-02-24 16:27:29,975 sd_nonliners.py[line:179] INFO Start,getting parameters
2017-02-24 16:27:30,231 sd_nonliners.py[line:181] INFO Start computing...
2017-02-24 16:27:30,905 sd_nonliners.py[line:182] INFO Computing done! Save result to file
2017-02-24 16:32:03,387 sd_nonliners.py[line:179] INFO Start,getting parameters
2017-02-24 16:32:03,630 sd_nonliners.py[line:181] INFO Start computing...
2017-02-24 16:32:04,296 sd_nonliners.py[line:182] INFO Computing done! Save result to file
2017-02-24 16:45:32,416 sd_nonliners.py[line:175] INFO Start,getting parameters
2017-02-24 16:45:32,669 sd_nonliners.py[line:177] INFO Start computing...
2017-02-24 16:45:33,190 sd_nonliners.py[line:178] INFO Computing done! Save result to file
2017-02-24 16:47:20,487 sd_nonliners.py[line:174] INFO Start,getting parameters
2017-02-24 16:47:20,721 sd_nonliners.py[line:176] INFO Start computing...
2017-02-24 16:47:21,293 sd_nonliners.py[line:177] INFO Computing done! Save result to file
