2017-02-27 09:50:15,206 sd_pearson.py[line:36] INFO selected indicators:GDP 第一产业增加值
2017-02-27 09:51:17,391 sd_pearson.py[line:36] INFO selected indicators:GDP 第一产业增加值
2017-02-27 09:52:01,504 sd_pearson.py[line:38] INFO selected indicators:GDP 第一产业增加值
2017-02-27 09:53:31,854 sd_pearson.py[line:37] INFO selected indicators:GDP 第一产业增加值
2017-02-27 10:01:13,712 sd_pearson.py[line:36] INFO selected indicators:GDP 第一产业增加值
2017-02-27 10:01:35,863 sd_pearson.py[line:36] INFO selected indicators:GDP 第一产业增加值
2017-02-27 10:07:38,107 sd_pearson.py[line:36] INFO selected indicators:GDP 第一产业增加值
2017-02-27 10:08:21,418 sd_pearson.py[line:36] INFO selected indicators:GDP 第一产业增加值
2017-02-27 10:20:43,217 sd_pearson.py[line:36] INFO selected indicators:GDP 第一产业增加值
2017-02-27 10:21:08,657 sd_pearson.py[line:36] INFO selected indicators:GDP 第一产业增加值
2017-02-27 10:21:56,082 sd_pearson.py[line:36] INFO selected indicators:GDP 第一产业增加值
2017-02-27 10:22:54,549 sd_pearson.py[line:36] INFO selected indicators:GDP 第一产业增加值
2017-02-27 10:23:50,876 sd_pearson.py[line:36] INFO selected indicators:GDP 第一产业增加值
2017-02-27 11:34:52,966 sd_pearson.py[line:36] INFO selected indicators:GDP 第一产业增加值
2017-02-27 14:16:40,340 sd_pearson.py[line:36] INFO selected indicators:GDP TWO
2017-02-27 14:20:15,276 sd_pearson.py[line:37] INFO selected indicators:GDP TWO
2017-02-27 14:20:55,453 sd_pearson.py[line:39] INFO selected indicators:GDP TWO
2017-02-27 14:23:18,742 sd_pearson.py[line:40] INFO selected indicators:GDP TWO
2017-02-27 14:30:16,543 sd_pearson.py[line:40] INFO selected indicators:GDP
2017-02-27 14:32:00,092 sd_pearson.py[line:39] INFO selected indicators:GDP
2017-02-27 14:33:31,529 sd_pearson.py[line:39] INFO selected indicators:GDP 第一产业增加值
2017-02-27 14:36:20,191 sd_pearson.py[line:39] INFO selected indicators:GDP 第一产业增加值
2017-02-27 14:38:21,756 sd_pearson.py[line:39] INFO selected indicators:GDP 第一产业增加值
2017-02-27 14:39:16,125 sd_pearson.py[line:39] INFO selected indicators:GDP 第一产业增加值
2017-02-27 14:39:39,679 sd_pearson.py[line:39] INFO selected indicators:GDP 第一产业增加值
2017-02-27 14:42:57,493 sd_pearson.py[line:39] INFO selected indicators:GDP 第一产业增加值
2017-02-27 14:43:21,900 sd_pearson.py[line:39] INFO selected indicators:GDP 第一产业增加值
2017-02-27 14:44:08,139 sd_pearson.py[line:39] INFO selected indicators:GDP 第一产业增加值
2017-02-27 14:45:00,080 sd_pearson.py[line:39] INFO selected indicators:GDP 第一产业增加值
2017-02-27 14:45:22,522 sd_pearson.py[line:39] INFO selected indicators:GDP 第一产业增加值
2017-02-27 14:45:33,923 sd_pearson.py[line:39] INFO selected indicators:GDP 第一产业增加值
2017-02-27 14:46:04,301 sd_pearson.py[line:39] INFO selected indicators:GDP 第一产业增加值
2017-02-27 14:46:22,886 sd_pearson.py[line:39] INFO selected indicators:GDP 第一产业增加值
2017-02-27 14:47:08,747 sd_pearson.py[line:39] INFO selected indicators:GDP 第一产业增加值
2017-02-27 14:48:05,904 sd_pearson.py[line:39] INFO selected indicators:GDP 第一产业增加值
2017-02-27 14:48:20,775 sd_pearson.py[line:39] INFO selected indicators:GDP 第一产业增加值
2017-02-27 14:49:55,085 sd_pearson.py[line:39] INFO selected indicators:GDP 第一产业增加值
2017-02-27 14:51:46,932 sd_pearson.py[line:39] INFO selected indicators:GDP 第一产业增加值
2017-02-27 14:52:09,162 sd_pearson.py[line:39] INFO selected indicators:GDP 第一产业增加值
2017-02-27 14:52:58,528 sd_pearson.py[line:39] INFO selected indicators:GDP 第一产业增加值
2017-02-27 14:53:35,323 sd_pearson.py[line:39] INFO selected indicators:GDP 第一产业增加值
2017-02-27 14:56:11,515 sd_pearson.py[line:40] INFO selected indicators:GDP 第一产业增加值
2017-02-27 14:58:57,730 sd_pearson.py[line:39] INFO selected indicators:GDP 第一产业增加值
2017-02-27 14:59:50,308 sd_pearson.py[line:39] INFO selected indicators:GDP 第一产业增加值
2017-02-27 15:01:21,730 sd_pearson.py[line:39] INFO selected indicators:GDP 第一产业增加值
2017-02-27 15:07:50,828 sd_pearson.py[line:39] INFO selected indicators:GDP 第一产业增加值
2017-02-27 15:08:05,859 sd_pearson.py[line:39] INFO selected indicators:GDP 第一产业增加值
2017-02-27 15:08:26,140 sd_pearson.py[line:39] INFO selected indicators:GDP 第一产业增加值
2017-02-27 15:10:48,694 sd_pearson.py[line:39] INFO selected indicators:GDP 第一产业增加值
2017-02-27 15:10:57,168 sd_pearson.py[line:39] INFO selected indicators:GDP 第一产业增加值
2017-02-27 15:11:24,667 sd_pearson.py[line:39] INFO selected indicators:GDP 第一产业增加值
2017-02-27 15:11:46,918 sd_pearson.py[line:39] INFO selected indicators:GDP 第一产业增加值
2017-02-27 15:14:28,119 sd_pearson.py[line:39] INFO selected indicators:GDP 第一产业增加值
2017-02-27 15:15:22,142 sd_pearson.py[line:41] INFO selected indicators:GDP 第一产业增加值
2017-02-27 15:15:31,167 sd_pearson.py[line:41] INFO selected indicators:GDP 第一产业增加值
2017-02-27 15:19:22,960 sd_pearson.py[line:41] INFO selected indicators:GDP 第一产业增加值
2017-02-27 15:19:44,060 sd_pearson.py[line:41] INFO selected indicators:GDP 第一产业增加值
2017-02-27 15:25:48,891 sd_pearson.py[line:41] INFO selected indicators:GDP TWO 第一产业增加值
2017-02-27 15:28:30,029 sd_pearson.py[line:41] INFO selected indicators:GDP TWO 第一产业增加值
2017-02-27 15:30:00,252 sd_pearson.py[line:41] INFO selected indicators:GDP TWO 第一产业增加值
2017-02-27 15:36:13,761 sd_pearson.py[line:41] INFO selected indicators:B GDP TWO
2017-02-27 15:44:08,835 sd_pearson.py[line:38] INFO selected indicators:B GDP TWO
2017-02-27 15:48:01,259 sd_pearson.py[line:38] INFO selected indicators:B GDP TWO
2017-02-27 15:48:16,091 sd_pearson.py[line:38] INFO selected indicators:B GDP TWO
2017-02-27 15:50:26,500 sd_pearson.py[line:37] INFO selected indicators:B GDP TWO
2017-02-27 15:51:01,873 sd_pearson.py[line:37] INFO selected indicators:B GDP TWO
2017-02-27 15:52:29,500 sd_pearson.py[line:37] INFO selected indicators:GDP 第一产业增加值
2017-02-27 15:54:16,375 sd_pearson.py[line:37] INFO selected indicators:GDP 第一产业增加值
2017-02-27 15:55:35,080 sd_pearson.py[line:37] INFO selected indicators:GDP 第一产业增加值
2017-02-27 15:56:34,358 sd_pearson.py[line:37] INFO selected indicators:GDP 第一产业增加值
2017-02-27 15:56:45,429 sd_pearson.py[line:37] INFO selected indicators:GDP 第一产业增加值
2017-02-27 15:59:14,342 sd_pearson.py[line:37] INFO selected indicators:GDP 第一产业增加值
2017-02-27 16:04:48,274 sd_pearson.py[line:37] INFO selected indicators:GDP 第一产业增加值
2017-02-27 16:05:34,582 sd_pearson.py[line:37] INFO selected indicators:GDP 第一产业增加值
2017-02-27 16:09:57,532 sd_pearson.py[line:37] INFO selected indicators:GDP 第一产业增加值
2017-02-27 16:09:57,533 sd_pearson.py[line:88] INFO result save error
2017-02-27 16:10:19,999 sd_pearson.py[line:37] INFO selected indicators:GDP 第一产业增加值
2017-02-27 16:11:42,390 sd_pearson.py[line:37] INFO selected indicators:GDP 第一产业增加值
2017-02-27 16:13:01,036 sd_pearson.py[line:37] INFO selected indicators:GDP 第一产业增加值
2017-02-27 16:13:38,580 sd_pearson.py[line:37] INFO selected indicators:GDP 第一产业增加值
2017-02-27 16:22:26,565 sd_pearson.py[line:37] INFO selected indicators:GDP 第一产业增加值
2017-02-27 16:23:31,353 sd_pearson.py[line:37] INFO selected indicators:GDP 第一产业增加值
2017-02-27 16:23:31,355 sd_pearson.py[line:87] INFO result save error
2017-02-27 16:23:45,363 sd_pearson.py[line:37] INFO selected indicators:GDP 第一产业增加值
2017-02-27 16:23:45,364 sd_pearson.py[line:87] INFO result save error
2017-02-27 16:24:09,994 sd_pearson.py[line:37] INFO selected indicators:GDP 第一产业增加值
2017-02-27 16:24:09,996 sd_pearson.py[line:87] INFO result save error
2017-02-27 16:24:43,253 sd_pearson.py[line:37] INFO selected indicators:GDP 第一产业增加值
2017-02-27 16:25:15,488 sd_pearson.py[line:37] INFO selected indicators:GDP 第一产业增加值
2017-02-27 16:25:55,913 sd_pearson.py[line:37] INFO selected indicators:GDP 第一产业增加值
2017-02-27 16:26:24,256 sd_pearson.py[line:37] INFO selected indicators:GDP 第一产业增加值
2017-02-27 16:26:58,007 sd_pearson.py[line:37] INFO selected indicators:GDP 第一产业增加值
2017-02-27 16:27:49,416 sd_pearson.py[line:37] INFO selected indicators:GDP 第一产业增加值
2017-02-27 16:29:10,769 sd_pearson.py[line:37] INFO selected indicators:GDP 第一产业增加值
2017-02-27 16:29:44,572 sd_pearson.py[line:37] INFO selected indicators:GDP 第一产业增加值
2017-02-27 16:30:03,994 sd_pearson.py[line:37] INFO selected indicators:GDP 第一产业增加值
2017-02-27 16:31:03,974 sd_pearson.py[line:37] INFO selected indicators:GDP 第一产业增加值
2017-02-27 16:32:34,988 sd_pearson.py[line:37] INFO selected indicators:GDP 第一产业增加值
2017-02-27 16:32:55,690 sd_pearson.py[line:37] INFO selected indicators:GDP 第一产业增加值
2017-02-27 16:34:51,686 sd_pearson.py[line:37] INFO selected indicators:GDP 第2产业增加值 第一产业增加值
2017-02-27 16:35:51,786 sd_pearson.py[line:37] INFO selected indicators:GDP 第2产业增加值 第一产业增加值
2017-02-27 16:43:07,158 sd_pearson.py[line:37] INFO selected indicators:GDP 第2产业增加值 第一产业增加值
2017-02-27 16:43:25,823 sd_pearson.py[line:37] INFO selected indicators:GDP 第2产业增加值 第一产业增加值
2017-02-27 16:53:54,743 sd_pearson.py[line:37] INFO selected indicators:GDP 第2产业增加值 第一产业增加值
2017-02-27 16:54:14,363 sd_pearson.py[line:37] INFO selected indicators:GDP 第2产业增加值 第一产业增加值
2017-02-27 16:56:34,003 sd_pearson.py[line:37] INFO selected indicators:GDP 第2产业增加值 第一产业增加值
2017-02-27 16:59:33,636 sd_pearson.py[line:37] INFO selected indicators:GDP 第2产业增加值 第一产业增加值
2017-02-27 17:01:48,056 sd_pearson.py[line:37] INFO selected indicators:GDP 第2产业增加值 第一产业增加值
